Arguments: 
  /home/sora/下载/nodejs/bin/node /usr/bin/yarn add app2.css

PATH: 
  /home/sora/.local/bin:/usr/local/bin:/usr/local/sbin:/usr/bin:/usr/lib/jvm/default/bin:/var/lib/snapd/snap/bin:/usr/local/java/jdk-15/bin:/home/sora/.yarn/bin:/home/sora/node_modules/.bin:/usr/local/go/bin

Yarn version: 
  1.22.10

Node version: 
  12.18.4

Platform: 
  linux x64

Trace: 
  Error: https://registry.npm.taobao.org/app2.css: Not found
      at Request.params.callback [as _callback] (/usr/lib/node_modules/yarn/lib/cli.js:66988:18)
      at Request.self.callback (/usr/lib/node_modules/yarn/lib/cli.js:140749:22)
      at Request.emit (events.js:315:20)
      at Request.<anonymous> (/usr/lib/node_modules/yarn/lib/cli.js:141721:10)
      at Request.emit (events.js:315:20)
      at IncomingMessage.<anonymous> (/usr/lib/node_modules/yarn/lib/cli.js:141643:12)
      at Object.onceWrapper (events.js:421:28)
      at IncomingMessage.emit (events.js:327:22)
      at endReadableNT (_stream_readable.js:1220:12)
      at processTicksAndRejections (internal/process/task_queues.js:84:21)

npm manifest: 
  {
    "name": "mvc",
    "version": "1.0.0",
    "main": "index.js",
    "license": "MIT",
    "dependencies": {
      "jquery": "^3.5.1",
      "reset.css": "^2.0.2"
    }
  }

yarn manifest: 
  No manifest

Lockfile: 
  # THIS IS AN AUTOGENERATED FILE. DO NOT EDIT THIS FILE DIRECTLY.
  # yarn lockfile v1
  
  
  jquery@^3.5.1:
    version "3.5.1"
    resolved "https://registry.npm.taobao.org/jquery/download/jquery-3.5.1.tgz?cache=0&sync_timestamp=1588633811418&other_urls=https%3A%2F%2Fregistry.npm.taobao.org%2Fjquery%2Fdownload%2Fjquery-3.5.1.tgz#d7b4d08e1bfdb86ad2f1a3d039ea17304717abb5"
    integrity sha1-17TQjhv9uGrS8aPQOeoXMEcXq7U=
  
  reset.css@^2.0.2:
    version "2.0.2"
    resolved "https://registry.npm.taobao.org/reset.css/download/reset.css-2.0.2.tgz#9c01309c820b72e8f219ebcc8e1411949604f7d7"
    integrity sha1-nAEwnIILcujyGevMjhQRlJYE99c=
